# JRE version: Java(TM) SE Runtime Environment (17.0+35) (build 17+35-LTS-2724)
# Java VM: Java HotSpot(TM) 64-Bit Server VM (17+35-LTS-2724, mixed mode, sharing, tiered, compressed oops, compressed class ptrs, g1 gc, windows-amd64)
GC Precious Log:
 CPUs: 8 total, 8 available
 Memory: 16167M
 Large Page Support: Disabled
 NUMA Support: Disabled
 Compressed Oops: Enabled (Zero based)
 Heap Region Size: 2M
 Heap Min Capacity: 8M
 Heap Initial Capacity: 254M
 Heap Max Capacity: 4042M
 Pre-touch: Disabled
 Parallel Workers: 8
 Concurrent Workers: 2
 Concurrent Refinement Workers: 8
 Periodic GC: Disabled
Heap:
 garbage-first heap   total 143360K, used 87800K [0x0000000703600000, 0x0000000800000000)
  region size 2048K, 20 young (40960K), 1 survivors (2048K)
 Metaspace       used 34540K, committed 34944K, reserved 1081344K
  class space    used 3999K, committed 4224K, reserved 1048576K
GC Heap History (20 events):
Event: 6.341 GC heap before
{Heap before GC invocations=11 (full 0):
 garbage-first heap   total 118784K, used 88561K [0x0000000703600000, 0x0000000800000000)
  region size 2048K, 30 young (61440K), 4 survivors (8192K)
 Metaspace       used 33731K, committed 34112K, reserved 1081344K
  class space    used 3961K, committed 4160K, reserved 1048576K
}
Event: 6.351 GC heap after
{Heap after GC invocations=12 (full 0):
 garbage-first heap   total 118784K, used 38585K [0x0000000703600000, 0x0000000800000000)
  region size 2048K, 3 young (6144K), 3 survivors (6144K)
 Metaspace       used 33731K, committed 34112K, reserved 1081344K
  class space    used 3961K, committed 4160K, reserved 1048576K
}
Event: 6.795 GC heap before
{Heap before GC invocations=12 (full 0):
 garbage-first heap   total 118784K, used 102073K [0x0000000703600000, 0x0000000800000000)
  region size 2048K, 27 young (55296K), 3 survivors (6144K)
 Metaspace       used 33947K, committed 34368K, reserved 1081344K
  class space    used 3965K, committed 4160K, reserved 1048576K
}
Event: 6.803 GC heap after
{Heap after GC invocations=13 (full 0):
 garbage-first heap   total 118784K, used 41893K [0x0000000703600000, 0x0000000800000000)
  region size 2048K, 2 young (4096K), 2 survivors (4096K)
 Metaspace       used 33947K, committed 34368K, reserved 1081344K
  class space    used 3965K, committed 4160K, reserved 1048576K
}
Event: 7.452 GC heap before
{Heap before GC invocations=13 (full 0):
 garbage-first heap   total 118784K, used 88997K [0x0000000703600000, 0x0000000800000000)
  region size 2048K, 26 young (53248K), 2 survivors (4096K)
 Metaspace       used 34135K, committed 34560K, reserved 1081344K
  class space    used 3973K, committed 4160K, reserved 1048576K
}
Event: 7.457 GC heap after
{Heap after GC invocations=14 (full 0):
 garbage-first heap   total 143360K, used 47051K [0x0000000703600000, 0x0000000800000000)
  region size 2048K, 4 young (8192K), 4 survivors (8192K)
 Metaspace       used 34135K, committed 34560K, reserved 1081344K
  class space    used 3973K, committed 4160K, reserved 1048576K
}
Event: 8.089 GC heap before
{Heap before GC invocations=14 (full 0):
 garbage-first heap   total 143360K, used 108491K [0x0000000703600000, 0x0000000800000000)
  region size 2048K, 34 young (69632K), 4 survivors (8192K)
 Metaspace       used 34723K, committed 35136K, reserved 1081344K
  class space    used 4041K, committed 4224K, reserved 1048576K
}
Event: 8.098 GC heap after
{Heap after GC invocations=15 (full 0):
 garbage-first heap   total 143360K, used 58989K [0x0000000703600000, 0x0000000800000000)
  region size 2048K, 5 young (10240K), 5 survivors (10240K)
 Metaspace       used 34723K, committed 35136K, reserved 1081344K
  class space    used 4041K, committed 4224K, reserved 1048576K
}
Event: 8.551 GC heap before
{Heap before GC invocations=15 (full 0):
 garbage-first heap   total 143360K, used 81517K [0x0000000703600000, 0x0000000800000000)
  region size 2048K, 18 young (36864K), 5 survivors (10240K)
 Metaspace       used 35933K, committed 36288K, reserved 1081344K
  class space    used 4174K, committed 4352K, reserved 1048576K
}
Event: 8.556 GC heap after
{Heap after GC invocations=16 (full 0):
 garbage-first heap   total 143360K, used 61409K [0x0000000703600000, 0x0000000800000000)
  region size 2048K, 1 young (2048K), 1 survivors (2048K)
 Metaspace       used 35933K, committed 36288K, reserved 1081344K
  class space    used 4174K, committed 4352K, reserved 1048576K
}
Event: 8.776 GC heap before
{Heap before GC invocations=17 (full 0):
 garbage-first heap   total 143360K, used 69601K [0x0000000703600000, 0x0000000800000000)
  region size 2048K, 4 young (8192K), 1 survivors (2048K)
 Metaspace       used 33047K, committed 34176K, reserved 1081344K
  class space    used 3820K, committed 4224K, reserved 1048576K
}
Event: 8.778 GC heap after
{Heap after GC invocations=18 (full 0):
 garbage-first heap   total 143360K, used 65464K [0x0000000703600000, 0x0000000800000000)
  region size 2048K, 1 young (2048K), 1 survivors (2048K)
 Metaspace       used 33047K, committed 34176K, reserved 1081344K
  class space    used 3820K, committed 4224K, reserved 1048576K
}
Event: 8.778 GC heap before
{Heap before GC invocations=18 (full 0):
 garbage-first heap   total 143360K, used 67512K [0x0000000703600000, 0x0000000800000000)
  region size 2048K, 2 young (4096K), 1 survivors (2048K)
 Metaspace       used 33047K, committed 34176K, reserved 1081344K
  class space    used 3820K, committed 4224K, reserved 1048576K
}
Event: 8.780 GC heap after
{Heap after GC invocations=19 (full 0):
 garbage-first heap   total 143360K, used 67347K [0x0000000703600000, 0x0000000800000000)
  region size 2048K, 1 young (2048K), 1 survivors (2048K)
 Metaspace       used 33047K, committed 34176K, reserved 1081344K
  class space    used 3820K, committed 4224K, reserved 1048576K
}
Event: 11.302 GC heap before
{Heap before GC invocations=20 (full 0):
 garbage-first heap   total 143360K, used 124691K [0x0000000703600000, 0x0000000800000000)
  region size 2048K, 24 young (49152K), 1 survivors (2048K)
 Metaspace       used 33767K, committed 34304K, reserved 1081344K
  class space    used 3903K, committed 4224K, reserved 1048576K
}
Event: 11.305 GC heap after
{Heap after GC invocations=21 (full 0):
 garbage-first heap   total 143360K, used 65455K [0x0000000703600000, 0x0000000800000000)
  region size 2048K, 3 young (6144K), 3 survivors (6144K)
 Metaspace       used 33767K, committed 34304K, reserved 1081344K
  class space    used 3903K, committed 4224K, reserved 1048576K
}
Event: 11.319 GC heap before
{Heap before GC invocations=21 (full 0):
 garbage-first heap   total 143360K, used 67503K [0x0000000703600000, 0x0000000800000000)
  region size 2048K, 5 young (10240K), 3 survivors (6144K)
 Metaspace       used 33770K, committed 34304K, reserved 1081344K
  class space    used 3903K, committed 4224K, reserved 1048576K
}
Event: 11.326 GC heap after
{Heap after GC invocations=22 (full 0):
 garbage-first heap   total 143360K, used 51430K [0x0000000703600000, 0x0000000800000000)
  region size 2048K, 1 young (2048K), 1 survivors (2048K)
 Metaspace       used 33770K, committed 34304K, reserved 1081344K
  class space    used 3903K, committed 4224K, reserved 1048576K
}
Event: 15.583 GC heap before
{Heap before GC invocations=22 (full 0):
 garbage-first heap   total 143360K, used 53478K [0x0000000703600000, 0x0000000800000000)
  region size 2048K, 3 young (6144K), 1 survivors (2048K)
 Metaspace       used 34354K, committed 34752K, reserved 1081344K
  class space    used 3986K, committed 4224K, reserved 1048576K
}
Event: 15.586 GC heap after
{Heap after GC invocations=23 (full 0):
 garbage-first heap   total 143360K, used 50936K [0x0000000703600000, 0x0000000800000000)
  region size 2048K, 1 young (2048K), 1 survivors (2048K)
 Metaspace       used 34354K, committed 34752K, reserved 1081344K
  class space    used 3986K, committed 4224K, reserved 1048576K
}

